{"/Users/nampallysahithi/Documents/coleren-app/coleren-backend/src/app.js": {"path":"/Users/nampallysahithi/Documents/coleren-app/coleren-backend/src/app.js","statementMap":{"0":{"start":{"line":15,"column":0},"end":{"line":15,"column":16}},"1":{"start":{"line":17,"column":12},"end":{"line":17,"column":21}},"2":{"start":{"line":19,"column":20},"end":{"line":24,"column":1}},"3":{"start":{"line":26,"column":0},"end":{"line":26,"column":27}},"4":{"start":{"line":27,"column":0},"end":{"line":27,"column":23}},"5":{"start":{"line":28,"column":0},"end":{"line":28,"column":24}},"6":{"start":{"line":30,"column":0},"end":{"line":30,"column":34}},"7":{"start":{"line":31,"column":0},"end":{"line":31,"column":43}},"8":{"start":{"line":32,"column":0},"end":{"line":32,"column":41}},"9":{"start":{"line":33,"column":0},"end":{"line":33,"column":33}},"10":{"start":{"line":34,"column":0},"end":{"line":34,"column":40}},"11":{"start":{"line":35,"column":0},"end":{"line":35,"column":37}},"12":{"start":{"line":36,"column":0},"end":{"line":36,"column":44}},"13":{"start":{"line":38,"column":0},"end":{"line":38,"column":58}},"14":{"start":{"line":38,"column":34},"end":{"line":38,"column":56}},"15":{"start":{"line":40,"column":0},"end":{"line":40,"column":22}}},"fnMap":{"0":{"name":"(anonymous_0)","decl":{"start":{"line":38,"column":19},"end":{"line":38,"column":20}},"loc":{"start":{"line":38,"column":34},"end":{"line":38,"column":56}},"line":38}},"branchMap":{},"s":{"0":7,"1":7,"2":7,"3":7,"4":7,"5":7,"6":7,"7":7,"8":7,"9":7,"10":7,"11":7,"12":7,"13":7,"14":1,"15":7},"f":{"0":1},"b":{},"inputSourceMap":null,"_coverageSchema":"1a1c01bbd47fc00a2c39e90264f33305004495a9","hash":"3ae39dd9517703c3bc8d68ce40fd2ac8aca4b9b5"}
,"/Users/nampallysahithi/Documents/coleren-app/coleren-backend/src/config/firebase.js": {"path":"/Users/nampallysahithi/Documents/coleren-app/coleren-backend/src/config/firebase.js","statementMap":{"0":{"start":{"line":4,"column":0},"end":{"line":4,"column":16}},"1":{"start":{"line":6,"column":0},"end":{"line":12,"column":3}}},"fnMap":{},"branchMap":{},"s":{"0":1,"1":1},"f":{},"b":{},"inputSourceMap":null,"_coverageSchema":"1a1c01bbd47fc00a2c39e90264f33305004495a9","hash":"3340123d2255af6230521f620aeef50c8e50300d"}
,"/Users/nampallysahithi/Documents/coleren-app/coleren-backend/src/controllers/connectorController.js": {"path":"/Users/nampallysahithi/Documents/coleren-app/coleren-backend/src/controllers/connectorController.js","statementMap":{"0":{"start":{"line":1,"column":30},"end":{"line":15,"column":1}},"1":{"start":{"line":2,"column":2},"end":{"line":14,"column":3}},"2":{"start":{"line":3,"column":24},"end":{"line":3,"column":36}},"3":{"start":{"line":4,"column":4},"end":{"line":4,"column":44}},"4":{"start":{"line":5,"column":4},"end":{"line":7,"column":7}},"5":{"start":{"line":9,"column":4},"end":{"line":9,"column":21}},"6":{"start":{"line":11,"column":4},"end":{"line":13,"column":7}}},"fnMap":{"0":{"name":"(anonymous_0)","decl":{"start":{"line":1,"column":30},"end":{"line":1,"column":31}},"loc":{"start":{"line":1,"column":50},"end":{"line":15,"column":1}},"line":1}},"branchMap":{},"s":{"0":7,"1":0,"2":0,"3":0,"4":0,"5":0,"6":0},"f":{"0":0},"b":{},"inputSourceMap":null,"_coverageSchema":"1a1c01bbd47fc00a2c39e90264f33305004495a9","hash":"43bea4f691e3715f0b068b5120a8e5943b72ffbc"}
,"/Users/nampallysahithi/Documents/coleren-app/coleren-backend/src/controllers/dashboardController.js": {"path":"/Users/nampallysahithi/Documents/coleren-app/coleren-backend/src/controllers/dashboardController.js","statementMap":{"0":{"start":{"line":5,"column":28},"end":{"line":184,"column":1}},"1":{"start":{"line":6,"column":2},"end":{"line":183,"column":3}},"2":{"start":{"line":7,"column":24},"end":{"line":7,"column":36}},"3":{"start":{"line":8,"column":17},"end":{"line":8,"column":52}},"4":{"start":{"line":9,"column":19},"end":{"line":9,"column":27}},"5":{"start":{"line":11,"column":16},"end":{"line":11,"column":26}},"6":{"start":{"line":13,"column":29},"end":{"line":13,"column":75}},"7":{"start":{"line":14,"column":29},"end":{"line":14,"column":79}},"8":{"start":{"line":15,"column":27},"end":{"line":15,"column":73}},"9":{"start":{"line":17,"column":30},"end":{"line":20,"column":6}},"10":{"start":{"line":22,"column":23},"end":{"line":22,"column":35}},"11":{"start":{"line":23,"column":27},"end":{"line":23,"column":74}},"12":{"start":{"line":23,"column":47},"end":{"line":23,"column":66}},"13":{"start":{"line":26,"column":6},"end":{"line":28,"column":66}},"14":{"start":{"line":30,"column":30},"end":{"line":33,"column":5}},"15":{"start":{"line":31,"column":18},"end":{"line":31,"column":54}},"16":{"start":{"line":35,"column":33},"end":{"line":38,"column":5}},"17":{"start":{"line":36,"column":18},"end":{"line":36,"column":48}},"18":{"start":{"line":41,"column":6},"end":{"line":43,"column":66}},"19":{"start":{"line":46,"column":6},"end":{"line":48,"column":69}},"20":{"start":{"line":50,"column":27},"end":{"line":50,"column":79}},"21":{"start":{"line":50,"column":47},"end":{"line":50,"column":78}},"22":{"start":{"line":52,"column":27},"end":{"line":54,"column":5}},"23":{"start":{"line":53,"column":13},"end":{"line":53,"column":77}},"24":{"start":{"line":56,"column":25},"end":{"line":56,"column":46}},"25":{"start":{"line":57,"column":32},"end":{"line":57,"column":53}},"26":{"start":{"line":60,"column":6},"end":{"line":67,"column":11}},"27":{"start":{"line":69,"column":31},"end":{"line":71,"column":5}},"28":{"start":{"line":70,"column":13},"end":{"line":70,"column":32}},"29":{"start":{"line":73,"column":31},"end":{"line":75,"column":5}},"30":{"start":{"line":74,"column":13},"end":{"line":74,"column":32}},"31":{"start":{"line":77,"column":29},"end":{"line":77,"column":54}},"32":{"start":{"line":78,"column":36},"end":{"line":78,"column":61}},"33":{"start":{"line":81,"column":6},"end":{"line":89,"column":11}},"34":{"start":{"line":91,"column":19},"end":{"line":91,"column":21}},"35":{"start":{"line":93,"column":4},"end":{"line":105,"column":7}},"36":{"start":{"line":94,"column":18},"end":{"line":94,"column":54}},"37":{"start":{"line":96,"column":6},"end":{"line":98,"column":7}},"38":{"start":{"line":97,"column":8},"end":{"line":97,"column":49}},"39":{"start":{"line":100,"column":6},"end":{"line":100,"column":29}},"40":{"start":{"line":102,"column":6},"end":{"line":104,"column":7}},"41":{"start":{"line":103,"column":8},"end":{"line":103,"column":35}},"42":{"start":{"line":107,"column":23},"end":{"line":107,"column":44}},"43":{"start":{"line":109,"column":36},"end":{"line":112,"column":5}},"44":{"start":{"line":110,"column":20},"end":{"line":110,"column":39}},"45":{"start":{"line":114,"column":25},"end":{"line":114,"column":42}},"46":{"start":{"line":117,"column":6},"end":{"line":119,"column":69}},"47":{"start":{"line":121,"column":25},"end":{"line":143,"column":6}},"48":{"start":{"line":122,"column":25},"end":{"line":122,"column":62}},"49":{"start":{"line":124,"column":23},"end":{"line":124,"column":76}},"50":{"start":{"line":126,"column":25},"end":{"line":128,"column":7}},"51":{"start":{"line":127,"column":18},"end":{"line":127,"column":76}},"52":{"start":{"line":130,"column":29},"end":{"line":132,"column":7}},"53":{"start":{"line":131,"column":18},"end":{"line":131,"column":40}},"54":{"start":{"line":134,"column":6},"end":{"line":142,"column":8}},"55":{"start":{"line":145,"column":4},"end":{"line":179,"column":7}},"56":{"start":{"line":175,"column":25},"end":{"line":175,"column":44}},"57":{"start":{"line":181,"column":4},"end":{"line":181,"column":23}},"58":{"start":{"line":182,"column":4},"end":{"line":182,"column":57}}},"fnMap":{"0":{"name":"(anonymous_0)","decl":{"start":{"line":5,"column":28},"end":{"line":5,"column":29}},"loc":{"start":{"line":5,"column":48},"end":{"line":184,"column":1}},"line":5},"1":{"name":"(anonymous_1)","decl":{"start":{"line":23,"column":40},"end":{"line":23,"column":41}},"loc":{"start":{"line":23,"column":47},"end":{"line":23,"column":66}},"line":23},"2":{"name":"(anonymous_2)","decl":{"start":{"line":31,"column":6},"end":{"line":31,"column":7}},"loc":{"start":{"line":31,"column":18},"end":{"line":31,"column":54}},"line":31},"3":{"name":"(anonymous_3)","decl":{"start":{"line":36,"column":6},"end":{"line":36,"column":7}},"loc":{"start":{"line":36,"column":18},"end":{"line":36,"column":48}},"line":36},"4":{"name":"(anonymous_4)","decl":{"start":{"line":50,"column":40},"end":{"line":50,"column":41}},"loc":{"start":{"line":50,"column":47},"end":{"line":50,"column":78}},"line":50},"5":{"name":"(anonymous_5)","decl":{"start":{"line":53,"column":6},"end":{"line":53,"column":7}},"loc":{"start":{"line":53,"column":13},"end":{"line":53,"column":77}},"line":53},"6":{"name":"(anonymous_6)","decl":{"start":{"line":70,"column":6},"end":{"line":70,"column":7}},"loc":{"start":{"line":70,"column":13},"end":{"line":70,"column":32}},"line":70},"7":{"name":"(anonymous_7)","decl":{"start":{"line":74,"column":6},"end":{"line":74,"column":7}},"loc":{"start":{"line":74,"column":13},"end":{"line":74,"column":32}},"line":74},"8":{"name":"(anonymous_8)","decl":{"start":{"line":93,"column":27},"end":{"line":93,"column":28}},"loc":{"start":{"line":93,"column":37},"end":{"line":105,"column":5}},"line":93},"9":{"name":"(anonymous_9)","decl":{"start":{"line":110,"column":6},"end":{"line":110,"column":7}},"loc":{"start":{"line":110,"column":20},"end":{"line":110,"column":39}},"line":110},"10":{"name":"(anonymous_10)","decl":{"start":{"line":121,"column":52},"end":{"line":121,"column":53}},"loc":{"start":{"line":121,"column":66},"end":{"line":143,"column":5}},"line":121},"11":{"name":"(anonymous_11)","decl":{"start":{"line":127,"column":8},"end":{"line":127,"column":9}},"loc":{"start":{"line":127,"column":18},"end":{"line":127,"column":76}},"line":127},"12":{"name":"(anonymous_12)","decl":{"start":{"line":131,"column":8},"end":{"line":131,"column":9}},"loc":{"start":{"line":131,"column":18},"end":{"line":131,"column":40}},"line":131},"13":{"name":"(anonymous_13)","decl":{"start":{"line":175,"column":18},"end":{"line":175,"column":19}},"loc":{"start":{"line":175,"column":25},"end":{"line":175,"column":44}},"line":175}},"branchMap":{"0":{"loc":{"start":{"line":26,"column":6},"end":{"line":28,"column":66}},"type":"cond-expr","locations":[{"start":{"line":27,"column":10},"end":{"line":27,"column":11}},{"start":{"line":28,"column":10},"end":{"line":28,"column":66}}],"line":26},"1":{"loc":{"start":{"line":31,"column":25},"end":{"line":31,"column":53}},"type":"binary-expr","locations":[{"start":{"line":31,"column":25},"end":{"line":31,"column":48}},{"start":{"line":31,"column":52},"end":{"line":31,"column":53}}],"line":31},"2":{"loc":{"start":{"line":36,"column":25},"end":{"line":36,"column":47}},"type":"binary-expr","locations":[{"start":{"line":36,"column":25},"end":{"line":36,"column":42}},{"start":{"line":36,"column":46},"end":{"line":36,"column":47}}],"line":36},"3":{"loc":{"start":{"line":41,"column":6},"end":{"line":43,"column":66}},"type":"cond-expr","locations":[{"start":{"line":42,"column":10},"end":{"line":42,"column":11}},{"start":{"line":43,"column":10},"end":{"line":43,"column":66}}],"line":41},"4":{"loc":{"start":{"line":46,"column":6},"end":{"line":48,"column":69}},"type":"cond-expr","locations":[{"start":{"line":47,"column":10},"end":{"line":47,"column":11}},{"start":{"line":48,"column":10},"end":{"line":48,"column":69}}],"line":46},"5":{"loc":{"start":{"line":53,"column":13},"end":{"line":53,"column":77}},"type":"binary-expr","locations":[{"start":{"line":53,"column":13},"end":{"line":53,"column":44}},{"start":{"line":53,"column":48},"end":{"line":53,"column":77}}],"line":53},"6":{"loc":{"start":{"line":60,"column":6},"end":{"line":67,"column":11}},"type":"cond-expr","locations":[{"start":{"line":61,"column":10},"end":{"line":61,"column":11}},{"start":{"line":62,"column":10},"end":{"line":67,"column":11}}],"line":60},"7":{"loc":{"start":{"line":81,"column":6},"end":{"line":89,"column":11}},"type":"cond-expr","locations":[{"start":{"line":82,"column":10},"end":{"line":82,"column":11}},{"start":{"line":83,"column":10},"end":{"line":89,"column":11}}],"line":81},"8":{"loc":{"start":{"line":94,"column":18},"end":{"line":94,"column":54}},"type":"binary-expr","locations":[{"start":{"line":94,"column":18},"end":{"line":94,"column":41}},{"start":{"line":94,"column":45},"end":{"line":94,"column":54}}],"line":94},"9":{"loc":{"start":{"line":96,"column":6},"end":{"line":98,"column":7}},"type":"if","locations":[{"start":{"line":96,"column":6},"end":{"line":98,"column":7}},{"start":{},"end":{}}],"line":96},"10":{"loc":{"start":{"line":102,"column":6},"end":{"line":104,"column":7}},"type":"if","locations":[{"start":{"line":102,"column":6},"end":{"line":104,"column":7}},{"start":{},"end":{}}],"line":102},"11":{"loc":{"start":{"line":117,"column":6},"end":{"line":119,"column":69}},"type":"cond-expr","locations":[{"start":{"line":118,"column":10},"end":{"line":118,"column":11}},{"start":{"line":119,"column":10},"end":{"line":119,"column":69}}],"line":117},"12":{"loc":{"start":{"line":127,"column":18},"end":{"line":127,"column":76}},"type":"binary-expr","locations":[{"start":{"line":127,"column":18},"end":{"line":127,"column":46}},{"start":{"line":127,"column":50},"end":{"line":127,"column":76}}],"line":127}},"s":{"0":7,"1":10,"2":10,"3":10,"4":10,"5":10,"6":10,"7":10,"8":10,"9":10,"10":10,"11":10,"12":37,"13":10,"14":10,"15":2,"16":10,"17":2,"18":10,"19":10,"20":10,"21":37,"22":10,"23":37,"24":10,"25":10,"26":10,"27":10,"28":32,"29":10,"30":3,"31":10,"32":10,"33":10,"34":10,"35":10,"36":32,"37":32,"38":8,"39":32,"40":32,"41":23,"42":10,"43":10,"44":8,"45":10,"46":10,"47":10,"48":120,"49":120,"50":120,"51":444,"52":120,"53":37,"54":120,"55":10,"56":37,"57":0,"58":0},"f":{"0":10,"1":37,"2":2,"3":2,"4":37,"5":37,"6":32,"7":3,"8":32,"9":8,"10":120,"11":444,"12":37,"13":37},"b":{"0":[2,8],"1":[2,0],"2":[2,0],"3":[9,1],"4":[9,1],"5":[37,35],"6":[8,2],"7":[9,1],"8":[32,28],"9":[8,24],"10":[23,9],"11":[3,7],"12":[444,209]},"inputSourceMap":null,"_coverageSchema":"1a1c01bbd47fc00a2c39e90264f33305004495a9","hash":"798c16ca5b55677a881ccbc9a885ce34b103c0b9"}
,"/Users/nampallysahithi/Documents/coleren-app/coleren-backend/src/controllers/feedbackController.js": {"path":"/Users/nampallysahithi/Documents/coleren-app/coleren-backend/src/controllers/feedbackController.js","statementMap":{"0":{"start":{"line":4,"column":27},"end":{"line":30,"column":1}},"1":{"start":{"line":5,"column":2},"end":{"line":29,"column":3}},"2":{"start":{"line":6,"column":24},"end":{"line":6,"column":36}},"3":{"start":{"line":7,"column":17},"end":{"line":7,"column":52}},"4":{"start":{"line":9,"column":4},"end":{"line":13,"column":5}},"5":{"start":{"line":10,"column":6},"end":{"line":12,"column":9}},"6":{"start":{"line":15,"column":21},"end":{"line":15,"column":30}},"7":{"start":{"line":17,"column":17},"end":{"line":17,"column":37}},"8":{"start":{"line":19,"column":4},"end":{"line":21,"column":5}},"9":{"start":{"line":20,"column":6},"end":{"line":20,"column":25}},"10":{"start":{"line":23,"column":21},"end":{"line":23,"column":72}},"11":{"start":{"line":25,"column":4},"end":{"line":25,"column":23}},"12":{"start":{"line":27,"column":4},"end":{"line":27,"column":23}},"13":{"start":{"line":28,"column":4},"end":{"line":28,"column":66}}},"fnMap":{"0":{"name":"(anonymous_0)","decl":{"start":{"line":4,"column":27},"end":{"line":4,"column":28}},"loc":{"start":{"line":4,"column":47},"end":{"line":30,"column":1}},"line":4}},"branchMap":{"0":{"loc":{"start":{"line":9,"column":4},"end":{"line":13,"column":5}},"type":"if","locations":[{"start":{"line":9,"column":4},"end":{"line":13,"column":5}},{"start":{},"end":{}}],"line":9},"1":{"loc":{"start":{"line":19,"column":4},"end":{"line":21,"column":5}},"type":"if","locations":[{"start":{"line":19,"column":4},"end":{"line":21,"column":5}},{"start":{},"end":{}}],"line":19},"2":{"loc":{"start":{"line":19,"column":8},"end":{"line":19,"column":30}},"type":"binary-expr","locations":[{"start":{"line":19,"column":8},"end":{"line":19,"column":12}},{"start":{"line":19,"column":16},"end":{"line":19,"column":30}}],"line":19}},"s":{"0":7,"1":11,"2":11,"3":11,"4":11,"5":2,"6":9,"7":9,"8":9,"9":2,"10":9,"11":9,"12":0,"13":0},"f":{"0":11},"b":{"0":[2,9],"1":[2,7],"2":[9,3]},"inputSourceMap":null,"_coverageSchema":"1a1c01bbd47fc00a2c39e90264f33305004495a9","hash":"8569866a60a174e782754e48e030e72c31b36b91"}
,"/Users/nampallysahithi/Documents/coleren-app/coleren-backend/src/controllers/meetingController.js": {"path":"/Users/nampallysahithi/Documents/coleren-app/coleren-backend/src/controllers/meetingController.js","statementMap":{"0":{"start":{"line":4,"column":25},"end":{"line":33,"column":1}},"1":{"start":{"line":5,"column":2},"end":{"line":32,"column":3}},"2":{"start":{"line":6,"column":24},"end":{"line":6,"column":36}},"3":{"start":{"line":7,"column":17},"end":{"line":7,"column":52}},"4":{"start":{"line":9,"column":4},"end":{"line":11,"column":5}},"5":{"start":{"line":10,"column":6},"end":{"line":10,"column":65}},"6":{"start":{"line":13,"column":21},"end":{"line":17,"column":15}},"7":{"start":{"line":19,"column":19},"end":{"line":26,"column":7}},"8":{"start":{"line":19,"column":40},"end":{"line":26,"column":5}},"9":{"start":{"line":28,"column":4},"end":{"line":28,"column":21}},"10":{"start":{"line":30,"column":4},"end":{"line":30,"column":23}},"11":{"start":{"line":31,"column":4},"end":{"line":31,"column":66}}},"fnMap":{"0":{"name":"(anonymous_0)","decl":{"start":{"line":4,"column":25},"end":{"line":4,"column":26}},"loc":{"start":{"line":4,"column":45},"end":{"line":33,"column":1}},"line":4},"1":{"name":"(anonymous_1)","decl":{"start":{"line":19,"column":32},"end":{"line":19,"column":33}},"loc":{"start":{"line":19,"column":40},"end":{"line":26,"column":5}},"line":19}},"branchMap":{"0":{"loc":{"start":{"line":9,"column":4},"end":{"line":11,"column":5}},"type":"if","locations":[{"start":{"line":9,"column":4},"end":{"line":11,"column":5}},{"start":{},"end":{}}],"line":9}},"s":{"0":7,"1":7,"2":7,"3":7,"4":7,"5":1,"6":6,"7":6,"8":11,"9":6,"10":0,"11":0},"f":{"0":7,"1":11},"b":{"0":[1,6]},"inputSourceMap":null,"_coverageSchema":"1a1c01bbd47fc00a2c39e90264f33305004495a9","hash":"43702f759ba6743e5ac423ef55a70f2d01ca7331"}
,"/Users/nampallysahithi/Documents/coleren-app/coleren-backend/src/controllers/surveyController.js": {"path":"/Users/nampallysahithi/Documents/coleren-app/coleren-backend/src/controllers/surveyController.js","statementMap":{"0":{"start":{"line":6,"column":26},"end":{"line":33,"column":1}},"1":{"start":{"line":7,"column":2},"end":{"line":32,"column":3}},"2":{"start":{"line":8,"column":42},"end":{"line":8,"column":58}},"3":{"start":{"line":10,"column":4},"end":{"line":21,"column":5}},"4":{"start":{"line":11,"column":6},"end":{"line":20,"column":9}},"5":{"start":{"line":23,"column":4},"end":{"line":25,"column":7}},"6":{"start":{"line":27,"column":4},"end":{"line":27,"column":23}},"7":{"start":{"line":29,"column":4},"end":{"line":31,"column":7}},"8":{"start":{"line":35,"column":28},"end":{"line":91,"column":1}},"9":{"start":{"line":36,"column":2},"end":{"line":90,"column":3}},"10":{"start":{"line":37,"column":24},"end":{"line":37,"column":36}},"11":{"start":{"line":39,"column":24},"end":{"line":41,"column":6}},"12":{"start":{"line":43,"column":4},"end":{"line":47,"column":5}},"13":{"start":{"line":44,"column":6},"end":{"line":46,"column":9}},"14":{"start":{"line":55,"column":8},"end":{"line":55,"column":16}},"15":{"start":{"line":57,"column":4},"end":{"line":61,"column":5}},"16":{"start":{"line":58,"column":6},"end":{"line":60,"column":9}},"17":{"start":{"line":63,"column":21},"end":{"line":63,"column":67}},"18":{"start":{"line":65,"column":23},"end":{"line":65,"column":71}},"19":{"start":{"line":67,"column":19},"end":{"line":76,"column":6}},"20":{"start":{"line":78,"column":4},"end":{"line":83,"column":7}},"21":{"start":{"line":85,"column":4},"end":{"line":85,"column":23}},"22":{"start":{"line":87,"column":4},"end":{"line":89,"column":7}},"23":{"start":{"line":93,"column":29},"end":{"line":115,"column":1}},"24":{"start":{"line":94,"column":2},"end":{"line":114,"column":3}},"25":{"start":{"line":95,"column":25},"end":{"line":95,"column":35}},"26":{"start":{"line":97,"column":19},"end":{"line":99,"column":6}},"27":{"start":{"line":101,"column":4},"end":{"line":105,"column":5}},"28":{"start":{"line":102,"column":6},"end":{"line":104,"column":9}},"29":{"start":{"line":107,"column":4},"end":{"line":107,"column":21}},"30":{"start":{"line":109,"column":4},"end":{"line":109,"column":23}},"31":{"start":{"line":111,"column":4},"end":{"line":113,"column":7}},"32":{"start":{"line":117,"column":28},"end":{"line":157,"column":1}},"33":{"start":{"line":118,"column":2},"end":{"line":156,"column":3}},"34":{"start":{"line":119,"column":25},"end":{"line":119,"column":35}},"35":{"start":{"line":121,"column":57},"end":{"line":121,"column":65}},"36":{"start":{"line":123,"column":19},"end":{"line":125,"column":6}},"37":{"start":{"line":127,"column":4},"end":{"line":131,"column":5}},"38":{"start":{"line":128,"column":6},"end":{"line":130,"column":9}},"39":{"start":{"line":133,"column":4},"end":{"line":137,"column":5}},"40":{"start":{"line":134,"column":6},"end":{"line":136,"column":9}},"41":{"start":{"line":139,"column":4},"end":{"line":139,"column":33}},"42":{"start":{"line":140,"column":4},"end":{"line":140,"column":33}},"43":{"start":{"line":141,"column":4},"end":{"line":141,"column":51}},"44":{"start":{"line":142,"column":4},"end":{"line":142,"column":32}},"45":{"start":{"line":143,"column":4},"end":{"line":143,"column":36}},"46":{"start":{"line":145,"column":4},"end":{"line":145,"column":24}},"47":{"start":{"line":147,"column":4},"end":{"line":149,"column":7}},"48":{"start":{"line":151,"column":4},"end":{"line":151,"column":23}},"49":{"start":{"line":153,"column":4},"end":{"line":155,"column":7}}},"fnMap":{"0":{"name":"(anonymous_0)","decl":{"start":{"line":6,"column":26},"end":{"line":6,"column":27}},"loc":{"start":{"line":6,"column":46},"end":{"line":33,"column":1}},"line":6},"1":{"name":"(anonymous_1)","decl":{"start":{"line":35,"column":28},"end":{"line":35,"column":29}},"loc":{"start":{"line":35,"column":48},"end":{"line":91,"column":1}},"line":35},"2":{"name":"(anonymous_2)","decl":{"start":{"line":93,"column":29},"end":{"line":93,"column":30}},"loc":{"start":{"line":93,"column":49},"end":{"line":115,"column":1}},"line":93},"3":{"name":"(anonymous_3)","decl":{"start":{"line":117,"column":28},"end":{"line":117,"column":29}},"loc":{"start":{"line":117,"column":48},"end":{"line":157,"column":1}},"line":117}},"branchMap":{"0":{"loc":{"start":{"line":43,"column":4},"end":{"line":47,"column":5}},"type":"if","locations":[{"start":{"line":43,"column":4},"end":{"line":47,"column":5}},{"start":{},"end":{}}],"line":43},"1":{"loc":{"start":{"line":57,"column":4},"end":{"line":61,"column":5}},"type":"if","locations":[{"start":{"line":57,"column":4},"end":{"line":61,"column":5}},{"start":{},"end":{}}],"line":57},"2":{"loc":{"start":{"line":57,"column":8},"end":{"line":57,"column":72}},"type":"binary-expr","locations":[{"start":{"line":57,"column":8},"end":{"line":57,"column":21}},{"start":{"line":57,"column":25},"end":{"line":57,"column":39}},{"start":{"line":57,"column":43},"end":{"line":57,"column":55}},{"start":{"line":57,"column":59},"end":{"line":57,"column":72}}],"line":57},"3":{"loc":{"start":{"line":101,"column":4},"end":{"line":105,"column":5}},"type":"if","locations":[{"start":{"line":101,"column":4},"end":{"line":105,"column":5}},{"start":{},"end":{}}],"line":101},"4":{"loc":{"start":{"line":127,"column":4},"end":{"line":131,"column":5}},"type":"if","locations":[{"start":{"line":127,"column":4},"end":{"line":131,"column":5}},{"start":{},"end":{}}],"line":127},"5":{"loc":{"start":{"line":133,"column":4},"end":{"line":137,"column":5}},"type":"if","locations":[{"start":{"line":133,"column":4},"end":{"line":137,"column":5}},{"start":{},"end":{}}],"line":133}},"s":{"0":7,"1":2,"2":2,"3":2,"4":3,"5":1,"6":1,"7":1,"8":7,"9":3,"10":3,"11":3,"12":3,"13":1,"14":2,"15":2,"16":1,"17":1,"18":1,"19":1,"20":1,"21":0,"22":0,"23":7,"24":2,"25":2,"26":2,"27":2,"28":1,"29":1,"30":0,"31":0,"32":7,"33":3,"34":3,"35":3,"36":3,"37":3,"38":1,"39":2,"40":1,"41":1,"42":1,"43":1,"44":1,"45":1,"46":1,"47":1,"48":0,"49":0},"f":{"0":2,"1":3,"2":2,"3":3},"b":{"0":[1,2],"1":[1,1],"2":[2,2,1,1],"3":[1,1],"4":[1,2],"5":[1,1]},"inputSourceMap":null,"_coverageSchema":"1a1c01bbd47fc00a2c39e90264f33305004495a9","hash":"537fa9fef4aad70eccbcd1b8ca311dcbb95bcdea"}
,"/Users/nampallysahithi/Documents/coleren-app/coleren-backend/src/controllers/teamController.js": {"path":"/Users/nampallysahithi/Documents/coleren-app/coleren-backend/src/controllers/teamController.js","statementMap":{"0":{"start":{"line":6,"column":23},"end":{"line":51,"column":1}},"1":{"start":{"line":7,"column":2},"end":{"line":50,"column":3}},"2":{"start":{"line":8,"column":24},"end":{"line":8,"column":36}},"3":{"start":{"line":10,"column":17},"end":{"line":10,"column":52}},"4":{"start":{"line":12,"column":4},"end":{"line":16,"column":5}},"5":{"start":{"line":13,"column":6},"end":{"line":15,"column":9}},"6":{"start":{"line":18,"column":23},"end":{"line":21,"column":6}},"7":{"start":{"line":23,"column":4},"end":{"line":25,"column":5}},"8":{"start":{"line":24,"column":6},"end":{"line":24,"column":26}},"9":{"start":{"line":27,"column":20},"end":{"line":30,"column":25}},"10":{"start":{"line":32,"column":19},"end":{"line":41,"column":7}},"11":{"start":{"line":32,"column":39},"end":{"line":41,"column":5}},"12":{"start":{"line":43,"column":4},"end":{"line":43,"column":21}},"13":{"start":{"line":45,"column":4},"end":{"line":45,"column":23}},"14":{"start":{"line":47,"column":4},"end":{"line":49,"column":7}},"15":{"start":{"line":54,"column":22},"end":{"line":54,"column":34}},"16":{"start":{"line":55,"column":22},"end":{"line":55,"column":57}},"17":{"start":{"line":57,"column":2},"end":{"line":59,"column":3}},"18":{"start":{"line":58,"column":4},"end":{"line":58,"column":65}},"19":{"start":{"line":61,"column":23},"end":{"line":61,"column":58}},"20":{"start":{"line":63,"column":2},"end":{"line":65,"column":3}},"21":{"start":{"line":64,"column":4},"end":{"line":64,"column":72}},"22":{"start":{"line":67,"column":28},"end":{"line":71,"column":4}},"23":{"start":{"line":74,"column":4},"end":{"line":75,"column":41}},"24":{"start":{"line":77,"column":2},"end":{"line":84,"column":3}},"25":{"start":{"line":78,"column":4},"end":{"line":83,"column":6}},"26":{"start":{"line":86,"column":2},"end":{"line":86,"column":26}},"27":{"start":{"line":89,"column":28},"end":{"line":120,"column":1}},"28":{"start":{"line":90,"column":2},"end":{"line":119,"column":3}},"29":{"start":{"line":91,"column":19},"end":{"line":91,"column":29}},"30":{"start":{"line":92,"column":29},"end":{"line":92,"column":37}},"31":{"start":{"line":94,"column":4},"end":{"line":98,"column":5}},"32":{"start":{"line":95,"column":6},"end":{"line":97,"column":9}},"33":{"start":{"line":100,"column":36},"end":{"line":100,"column":76}},"34":{"start":{"line":102,"column":4},"end":{"line":104,"column":5}},"35":{"start":{"line":103,"column":6},"end":{"line":103,"column":71}},"36":{"start":{"line":106,"column":20},"end":{"line":113,"column":5}},"37":{"start":{"line":115,"column":4},"end":{"line":115,"column":22}},"38":{"start":{"line":117,"column":4},"end":{"line":117,"column":23}},"39":{"start":{"line":118,"column":4},"end":{"line":118,"column":65}},"40":{"start":{"line":122,"column":28},"end":{"line":139,"column":1}},"41":{"start":{"line":123,"column":2},"end":{"line":138,"column":3}},"42":{"start":{"line":124,"column":19},"end":{"line":124,"column":29}},"43":{"start":{"line":126,"column":36},"end":{"line":126,"column":76}},"44":{"start":{"line":128,"column":4},"end":{"line":130,"column":5}},"45":{"start":{"line":129,"column":6},"end":{"line":129,"column":71}},"46":{"start":{"line":132,"column":4},"end":{"line":132,"column":57}},"47":{"start":{"line":134,"column":4},"end":{"line":134,"column":37}},"48":{"start":{"line":136,"column":4},"end":{"line":136,"column":23}},"49":{"start":{"line":137,"column":4},"end":{"line":137,"column":65}},"50":{"start":{"line":141,"column":28},"end":{"line":233,"column":1}},"51":{"start":{"line":142,"column":2},"end":{"line":232,"column":3}},"52":{"start":{"line":143,"column":24},"end":{"line":143,"column":36}},"53":{"start":{"line":145,"column":24},"end":{"line":147,"column":6}},"54":{"start":{"line":149,"column":4},"end":{"line":153,"column":5}},"55":{"start":{"line":150,"column":6},"end":{"line":152,"column":9}},"56":{"start":{"line":155,"column":30},"end":{"line":158,"column":6}},"57":{"start":{"line":161,"column":6},"end":{"line":162,"column":43}},"58":{"start":{"line":164,"column":4},"end":{"line":168,"column":5}},"59":{"start":{"line":165,"column":6},"end":{"line":167,"column":9}},"60":{"start":{"line":170,"column":20},"end":{"line":170,"column":36}},"61":{"start":{"line":171,"column":20},"end":{"line":171,"column":22}},"62":{"start":{"line":173,"column":4},"end":{"line":216,"column":5}},"63":{"start":{"line":174,"column":6},"end":{"line":215,"column":7}},"64":{"start":{"line":175,"column":28},"end":{"line":177,"column":10}},"65":{"start":{"line":179,"column":22},"end":{"line":179,"column":60}},"66":{"start":{"line":181,"column":23},"end":{"line":189,"column":10}},"67":{"start":{"line":191,"column":25},"end":{"line":191,"column":27}},"68":{"start":{"line":193,"column":8},"end":{"line":197,"column":9}},"69":{"start":{"line":194,"column":10},"end":{"line":194,"column":83}},"70":{"start":{"line":196,"column":10},"end":{"line":196,"column":76}},"71":{"start":{"line":199,"column":8},"end":{"line":209,"column":11}},"72":{"start":{"line":211,"column":8},"end":{"line":211,"column":62}},"73":{"start":{"line":213,"column":8},"end":{"line":213,"column":70}},"74":{"start":{"line":214,"column":8},"end":{"line":214,"column":64}},"75":{"start":{"line":218,"column":22},"end":{"line":218,"column":64}},"76":{"start":{"line":218,"column":42},"end":{"line":218,"column":63}},"77":{"start":{"line":220,"column":4},"end":{"line":225,"column":7}},"78":{"start":{"line":227,"column":4},"end":{"line":227,"column":23}},"79":{"start":{"line":229,"column":4},"end":{"line":231,"column":7}},"80":{"start":{"line":235,"column":28},"end":{"line":276,"column":1}},"81":{"start":{"line":236,"column":2},"end":{"line":275,"column":3}},"82":{"start":{"line":237,"column":24},"end":{"line":237,"column":36}},"83":{"start":{"line":239,"column":17},"end":{"line":241,"column":6}},"84":{"start":{"line":243,"column":4},"end":{"line":247,"column":5}},"85":{"start":{"line":244,"column":6},"end":{"line":246,"column":9}},"86":{"start":{"line":249,"column":26},"end":{"line":252,"column":6}},"87":{"start":{"line":254,"column":4},"end":{"line":258,"column":5}},"88":{"start":{"line":255,"column":6},"end":{"line":257,"column":9}},"89":{"start":{"line":260,"column":4},"end":{"line":260,"column":36}},"90":{"start":{"line":262,"column":4},"end":{"line":262,"column":38}},"91":{"start":{"line":264,"column":4},"end":{"line":264,"column":31}},"92":{"start":{"line":266,"column":4},"end":{"line":268,"column":7}},"93":{"start":{"line":270,"column":4},"end":{"line":270,"column":23}},"94":{"start":{"line":272,"column":4},"end":{"line":274,"column":7}}},"fnMap":{"0":{"name":"(anonymous_0)","decl":{"start":{"line":6,"column":23},"end":{"line":6,"column":24}},"loc":{"start":{"line":6,"column":43},"end":{"line":51,"column":1}},"line":6},"1":{"name":"(anonymous_1)","decl":{"start":{"line":32,"column":31},"end":{"line":32,"column":32}},"loc":{"start":{"line":32,"column":39},"end":{"line":41,"column":5}},"line":32},"2":{"name":"getManageableTargetMember","decl":{"start":{"line":53,"column":15},"end":{"line":53,"column":40}},"loc":{"start":{"line":53,"column":56},"end":{"line":87,"column":1}},"line":53},"3":{"name":"(anonymous_3)","decl":{"start":{"line":89,"column":28},"end":{"line":89,"column":29}},"loc":{"start":{"line":89,"column":48},"end":{"line":120,"column":1}},"line":89},"4":{"name":"(anonymous_4)","decl":{"start":{"line":122,"column":28},"end":{"line":122,"column":29}},"loc":{"start":{"line":122,"column":48},"end":{"line":139,"column":1}},"line":122},"5":{"name":"(anonymous_5)","decl":{"start":{"line":141,"column":28},"end":{"line":141,"column":29}},"loc":{"start":{"line":141,"column":48},"end":{"line":233,"column":1}},"line":141},"6":{"name":"(anonymous_6)","decl":{"start":{"line":218,"column":35},"end":{"line":218,"column":36}},"loc":{"start":{"line":218,"column":42},"end":{"line":218,"column":63}},"line":218},"7":{"name":"(anonymous_7)","decl":{"start":{"line":235,"column":28},"end":{"line":235,"column":29}},"loc":{"start":{"line":235,"column":48},"end":{"line":276,"column":1}},"line":235}},"branchMap":{"0":{"loc":{"start":{"line":12,"column":4},"end":{"line":16,"column":5}},"type":"if","locations":[{"start":{"line":12,"column":4},"end":{"line":16,"column":5}},{"start":{},"end":{}}],"line":12},"1":{"loc":{"start":{"line":23,"column":4},"end":{"line":25,"column":5}},"type":"if","locations":[{"start":{"line":23,"column":4},"end":{"line":25,"column":5}},{"start":{},"end":{}}],"line":23},"2":{"loc":{"start":{"line":57,"column":2},"end":{"line":59,"column":3}},"type":"if","locations":[{"start":{"line":57,"column":2},"end":{"line":59,"column":3}},{"start":{},"end":{}}],"line":57},"3":{"loc":{"start":{"line":63,"column":2},"end":{"line":65,"column":3}},"type":"if","locations":[{"start":{"line":63,"column":2},"end":{"line":65,"column":3}},{"start":{},"end":{}}],"line":63},"4":{"loc":{"start":{"line":74,"column":4},"end":{"line":75,"column":41}},"type":"binary-expr","locations":[{"start":{"line":74,"column":4},"end":{"line":74,"column":39}},{"start":{"line":75,"column":4},"end":{"line":75,"column":41}}],"line":74},"5":{"loc":{"start":{"line":77,"column":2},"end":{"line":84,"column":3}},"type":"if","locations":[{"start":{"line":77,"column":2},"end":{"line":84,"column":3}},{"start":{},"end":{}}],"line":77},"6":{"loc":{"start":{"line":94,"column":4},"end":{"line":98,"column":5}},"type":"if","locations":[{"start":{"line":94,"column":4},"end":{"line":98,"column":5}},{"start":{},"end":{}}],"line":94},"7":{"loc":{"start":{"line":94,"column":8},"end":{"line":94,"column":24}},"type":"binary-expr","locations":[{"start":{"line":94,"column":8},"end":{"line":94,"column":13}},{"start":{"line":94,"column":17},"end":{"line":94,"column":24}}],"line":94},"8":{"loc":{"start":{"line":102,"column":4},"end":{"line":104,"column":5}},"type":"if","locations":[{"start":{"line":102,"column":4},"end":{"line":104,"column":5}},{"start":{},"end":{}}],"line":102},"9":{"loc":{"start":{"line":128,"column":4},"end":{"line":130,"column":5}},"type":"if","locations":[{"start":{"line":128,"column":4},"end":{"line":130,"column":5}},{"start":{},"end":{}}],"line":128},"10":{"loc":{"start":{"line":149,"column":4},"end":{"line":153,"column":5}},"type":"if","locations":[{"start":{"line":149,"column":4},"end":{"line":153,"column":5}},{"start":{},"end":{}}],"line":149},"11":{"loc":{"start":{"line":161,"column":6},"end":{"line":162,"column":43}},"type":"binary-expr","locations":[{"start":{"line":161,"column":6},"end":{"line":161,"column":41}},{"start":{"line":162,"column":6},"end":{"line":162,"column":43}}],"line":161},"12":{"loc":{"start":{"line":164,"column":4},"end":{"line":168,"column":5}},"type":"if","locations":[{"start":{"line":164,"column":4},"end":{"line":168,"column":5}},{"start":{},"end":{}}],"line":164},"13":{"loc":{"start":{"line":183,"column":18},"end":{"line":183,"column":42}},"type":"binary-expr","locations":[{"start":{"line":183,"column":18},"end":{"line":183,"column":34}},{"start":{"line":183,"column":38},"end":{"line":183,"column":42}}],"line":183},"14":{"loc":{"start":{"line":193,"column":8},"end":{"line":197,"column":9}},"type":"if","locations":[{"start":{"line":193,"column":8},"end":{"line":197,"column":9}},{"start":{"line":195,"column":15},"end":{"line":197,"column":9}}],"line":193},"15":{"loc":{"start":{"line":202,"column":16},"end":{"line":202,"column":72}},"type":"cond-expr","locations":[{"start":{"line":202,"column":30},"end":{"line":202,"column":52}},{"start":{"line":202,"column":55},"end":{"line":202,"column":72}}],"line":202},"16":{"loc":{"start":{"line":220,"column":15},"end":{"line":220,"column":36}},"type":"cond-expr","locations":[{"start":{"line":220,"column":27},"end":{"line":220,"column":30}},{"start":{"line":220,"column":33},"end":{"line":220,"column":36}}],"line":220},"17":{"loc":{"start":{"line":221,"column":15},"end":{"line":223,"column":43}},"type":"cond-expr","locations":[{"start":{"line":222,"column":10},"end":{"line":222,"column":50}},{"start":{"line":223,"column":10},"end":{"line":223,"column":43}}],"line":221},"18":{"loc":{"start":{"line":243,"column":4},"end":{"line":247,"column":5}},"type":"if","locations":[{"start":{"line":243,"column":4},"end":{"line":247,"column":5}},{"start":{},"end":{}}],"line":243},"19":{"loc":{"start":{"line":254,"column":4},"end":{"line":258,"column":5}},"type":"if","locations":[{"start":{"line":254,"column":4},"end":{"line":258,"column":5}},{"start":{},"end":{}}],"line":254}},"s":{"0":7,"1":4,"2":4,"3":4,"4":4,"5":1,"6":3,"7":3,"8":1,"9":2,"10":2,"11":3,"12":2,"13":0,"14":0,"15":8,"16":8,"17":8,"18":0,"19":8,"20":8,"21":2,"22":6,"23":6,"24":6,"25":3,"26":3,"27":7,"28":6,"29":6,"30":6,"31":6,"32":1,"33":5,"34":5,"35":3,"36":2,"37":2,"38":0,"39":0,"40":7,"41":3,"42":3,"43":3,"44":3,"45":2,"46":1,"47":1,"48":0,"49":0,"50":7,"51":5,"52":5,"53":5,"54":5,"55":1,"56":4,"57":4,"58":4,"59":1,"60":3,"61":3,"62":3,"63":4,"64":4,"65":4,"66":4,"67":4,"68":4,"69":1,"70":3,"71":4,"72":4,"73":0,"74":0,"75":3,"76":4,"77":3,"78":0,"79":0,"80":7,"81":4,"82":4,"83":4,"84":4,"85":1,"86":3,"87":3,"88":2,"89":1,"90":1,"91":1,"92":1,"93":0,"94":0},"f":{"0":4,"1":3,"2":8,"3":6,"4":3,"5":5,"6":4,"7":4},"b":{"0":[1,3],"1":[1,2],"2":[0,8],"3":[2,6],"4":[6,4],"5":[3,3],"6":[1,5],"7":[6,6],"8":[3,2],"9":[2,1],"10":[1,4],"11":[4,1],"12":[1,3],"13":[4,3],"14":[1,3],"15":[1,3],"16":[0,3],"17":[0,3],"18":[1,3],"19":[2,1]},"inputSourceMap":null,"_coverageSchema":"1a1c01bbd47fc00a2c39e90264f33305004495a9","hash":"2d4f7777e8d415608e78b6527ab2b29c951d82e1"}
,"/Users/nampallysahithi/Documents/coleren-app/coleren-backend/src/controllers/userController.js": {"path":"/Users/nampallysahithi/Documents/coleren-app/coleren-backend/src/controllers/userController.js","statementMap":{"0":{"start":{"line":5,"column":23},"end":{"line":29,"column":1}},"1":{"start":{"line":6,"column":2},"end":{"line":28,"column":3}},"2":{"start":{"line":7,"column":24},"end":{"line":7,"column":36}},"3":{"start":{"line":8,"column":17},"end":{"line":8,"column":52}},"4":{"start":{"line":10,"column":4},"end":{"line":16,"column":5}},"5":{"start":{"line":11,"column":6},"end":{"line":15,"column":9}},"6":{"start":{"line":18,"column":20},"end":{"line":18,"column":63}},"7":{"start":{"line":20,"column":4},"end":{"line":24,"column":7}},"8":{"start":{"line":26,"column":4},"end":{"line":26,"column":30}},"9":{"start":{"line":27,"column":4},"end":{"line":27,"column":52}},"10":{"start":{"line":31,"column":26},"end":{"line":89,"column":1}},"11":{"start":{"line":32,"column":2},"end":{"line":88,"column":3}},"12":{"start":{"line":33,"column":71},"end":{"line":33,"column":79}},"13":{"start":{"line":35,"column":4},"end":{"line":35,"column":26}},"14":{"start":{"line":37,"column":24},"end":{"line":37,"column":36}},"15":{"start":{"line":38,"column":18},"end":{"line":38,"column":32}},"16":{"start":{"line":40,"column":15},"end":{"line":40,"column":63}},"17":{"start":{"line":42,"column":4},"end":{"line":49,"column":5}},"18":{"start":{"line":43,"column":6},"end":{"line":48,"column":9}},"19":{"start":{"line":51,"column":18},"end":{"line":51,"column":61}},"20":{"start":{"line":53,"column":4},"end":{"line":62,"column":5}},"21":{"start":{"line":54,"column":6},"end":{"line":61,"column":9}},"22":{"start":{"line":64,"column":4},"end":{"line":78,"column":5}},"23":{"start":{"line":65,"column":28},"end":{"line":69,"column":8}},"24":{"start":{"line":71,"column":6},"end":{"line":77,"column":7}},"25":{"start":{"line":72,"column":8},"end":{"line":72,"column":40}},"26":{"start":{"line":74,"column":8},"end":{"line":74,"column":42}},"27":{"start":{"line":76,"column":8},"end":{"line":76,"column":35}},"28":{"start":{"line":80,"column":4},"end":{"line":84,"column":7}},"29":{"start":{"line":86,"column":4},"end":{"line":86,"column":45}},"30":{"start":{"line":87,"column":4},"end":{"line":87,"column":52}},"31":{"start":{"line":91,"column":26},"end":{"line":104,"column":1}},"32":{"start":{"line":92,"column":2},"end":{"line":103,"column":3}},"33":{"start":{"line":93,"column":24},"end":{"line":93,"column":36}},"34":{"start":{"line":95,"column":17},"end":{"line":95,"column":52}},"35":{"start":{"line":96,"column":4},"end":{"line":96,"column":72}},"36":{"start":{"line":96,"column":15},"end":{"line":96,"column":72}},"37":{"start":{"line":98,"column":20},"end":{"line":98,"column":63}},"38":{"start":{"line":100,"column":4},"end":{"line":100,"column":32}},"39":{"start":{"line":102,"column":4},"end":{"line":102,"column":52}},"40":{"start":{"line":106,"column":32},"end":{"line":121,"column":1}},"41":{"start":{"line":107,"column":2},"end":{"line":120,"column":3}},"42":{"start":{"line":108,"column":24},"end":{"line":108,"column":36}},"43":{"start":{"line":109,"column":27},"end":{"line":109,"column":35}},"44":{"start":{"line":111,"column":17},"end":{"line":111,"column":52}},"45":{"start":{"line":112,"column":20},"end":{"line":112,"column":63}},"46":{"start":{"line":114,"column":4},"end":{"line":114,"column":36}},"47":{"start":{"line":115,"column":4},"end":{"line":115,"column":25}},"48":{"start":{"line":117,"column":4},"end":{"line":117,"column":26}},"49":{"start":{"line":119,"column":4},"end":{"line":119,"column":52}},"50":{"start":{"line":123,"column":32},"end":{"line":136,"column":1}},"51":{"start":{"line":124,"column":2},"end":{"line":135,"column":3}},"52":{"start":{"line":125,"column":22},"end":{"line":125,"column":30}},"53":{"start":{"line":127,"column":17},"end":{"line":127,"column":46}},"54":{"start":{"line":129,"column":4},"end":{"line":131,"column":7}},"55":{"start":{"line":133,"column":4},"end":{"line":133,"column":30}},"56":{"start":{"line":134,"column":4},"end":{"line":134,"column":52}},"57":{"start":{"line":138,"column":29},"end":{"line":181,"column":1}},"58":{"start":{"line":139,"column":2},"end":{"line":180,"column":3}},"59":{"start":{"line":140,"column":24},"end":{"line":140,"column":36}},"60":{"start":{"line":142,"column":47},"end":{"line":142,"column":55}},"61":{"start":{"line":144,"column":17},"end":{"line":148,"column":5}},"62":{"start":{"line":150,"column":4},"end":{"line":154,"column":5}},"63":{"start":{"line":151,"column":6},"end":{"line":153,"column":9}},"64":{"start":{"line":156,"column":27},"end":{"line":156,"column":29}},"65":{"start":{"line":158,"column":4},"end":{"line":158,"column":45}},"66":{"start":{"line":158,"column":14},"end":{"line":158,"column":45}},"67":{"start":{"line":159,"column":4},"end":{"line":159,"column":53}},"68":{"start":{"line":159,"column":18},"end":{"line":159,"column":53}},"69":{"start":{"line":160,"column":4},"end":{"line":160,"column":53}},"70":{"start":{"line":160,"column":18},"end":{"line":160,"column":53}},"71":{"start":{"line":162,"column":20},"end":{"line":166,"column":5}},"72":{"start":{"line":168,"column":23},"end":{"line":172,"column":5}},"73":{"start":{"line":174,"column":4},"end":{"line":174,"column":25}},"74":{"start":{"line":176,"column":4},"end":{"line":176,"column":23}},"75":{"start":{"line":177,"column":4},"end":{"line":179,"column":7}}},"fnMap":{"0":{"name":"(anonymous_0)","decl":{"start":{"line":5,"column":23},"end":{"line":5,"column":24}},"loc":{"start":{"line":5,"column":43},"end":{"line":29,"column":1}},"line":5},"1":{"name":"(anonymous_1)","decl":{"start":{"line":31,"column":26},"end":{"line":31,"column":27}},"loc":{"start":{"line":31,"column":46},"end":{"line":89,"column":1}},"line":31},"2":{"name":"(anonymous_2)","decl":{"start":{"line":91,"column":26},"end":{"line":91,"column":27}},"loc":{"start":{"line":91,"column":46},"end":{"line":104,"column":1}},"line":91},"3":{"name":"(anonymous_3)","decl":{"start":{"line":106,"column":32},"end":{"line":106,"column":33}},"loc":{"start":{"line":106,"column":52},"end":{"line":121,"column":1}},"line":106},"4":{"name":"(anonymous_4)","decl":{"start":{"line":123,"column":32},"end":{"line":123,"column":33}},"loc":{"start":{"line":123,"column":52},"end":{"line":136,"column":1}},"line":123},"5":{"name":"(anonymous_5)","decl":{"start":{"line":138,"column":29},"end":{"line":138,"column":30}},"loc":{"start":{"line":138,"column":49},"end":{"line":181,"column":1}},"line":138}},"branchMap":{"0":{"loc":{"start":{"line":10,"column":4},"end":{"line":16,"column":5}},"type":"if","locations":[{"start":{"line":10,"column":4},"end":{"line":16,"column":5}},{"start":{},"end":{}}],"line":10},"1":{"loc":{"start":{"line":23,"column":18},"end":{"line":23,"column":47}},"type":"binary-expr","locations":[{"start":{"line":23,"column":18},"end":{"line":23,"column":38}},{"start":{"line":23,"column":42},"end":{"line":23,"column":47}}],"line":23},"2":{"loc":{"start":{"line":42,"column":4},"end":{"line":49,"column":5}},"type":"if","locations":[{"start":{"line":42,"column":4},"end":{"line":49,"column":5}},{"start":{},"end":{}}],"line":42},"3":{"loc":{"start":{"line":47,"column":20},"end":{"line":47,"column":39}},"type":"binary-expr","locations":[{"start":{"line":47,"column":20},"end":{"line":47,"column":30}},{"start":{"line":47,"column":34},"end":{"line":47,"column":39}}],"line":47},"4":{"loc":{"start":{"line":53,"column":4},"end":{"line":62,"column":5}},"type":"if","locations":[{"start":{"line":53,"column":4},"end":{"line":62,"column":5}},{"start":{},"end":{}}],"line":53},"5":{"loc":{"start":{"line":64,"column":4},"end":{"line":78,"column":5}},"type":"if","locations":[{"start":{"line":64,"column":4},"end":{"line":78,"column":5}},{"start":{},"end":{}}],"line":64},"6":{"loc":{"start":{"line":71,"column":6},"end":{"line":77,"column":7}},"type":"if","locations":[{"start":{"line":71,"column":6},"end":{"line":77,"column":7}},{"start":{},"end":{}}],"line":71},"7":{"loc":{"start":{"line":96,"column":4},"end":{"line":96,"column":72}},"type":"if","locations":[{"start":{"line":96,"column":4},"end":{"line":96,"column":72}},{"start":{},"end":{}}],"line":96},"8":{"loc":{"start":{"line":150,"column":4},"end":{"line":154,"column":5}},"type":"if","locations":[{"start":{"line":150,"column":4},"end":{"line":154,"column":5}},{"start":{},"end":{}}],"line":150},"9":{"loc":{"start":{"line":158,"column":4},"end":{"line":158,"column":45}},"type":"if","locations":[{"start":{"line":158,"column":4},"end":{"line":158,"column":45}},{"start":{},"end":{}}],"line":158},"10":{"loc":{"start":{"line":159,"column":4},"end":{"line":159,"column":53}},"type":"if","locations":[{"start":{"line":159,"column":4},"end":{"line":159,"column":53}},{"start":{},"end":{}}],"line":159},"11":{"loc":{"start":{"line":160,"column":4},"end":{"line":160,"column":53}},"type":"if","locations":[{"start":{"line":160,"column":4},"end":{"line":160,"column":53}},{"start":{},"end":{}}],"line":160}},"s":{"0":7,"1":1,"2":1,"3":1,"4":1,"5":1,"6":0,"7":0,"8":0,"9":0,"10":7,"11":0,"12":0,"13":0,"14":0,"15":0,"16":0,"17":0,"18":0,"19":0,"20":0,"21":0,"22":0,"23":0,"24":0,"25":0,"26":0,"27":0,"28":0,"29":0,"30":0,"31":7,"32":1,"33":1,"34":1,"35":1,"36":1,"37":0,"38":0,"39":0,"40":7,"41":0,"42":0,"43":0,"44":0,"45":0,"46":0,"47":0,"48":0,"49":0,"50":7,"51":0,"52":0,"53":0,"54":0,"55":0,"56":0,"57":7,"58":0,"59":0,"60":0,"61":0,"62":0,"63":0,"64":0,"65":0,"66":0,"67":0,"68":0,"69":0,"70":0,"71":0,"72":0,"73":0,"74":0,"75":0},"f":{"0":1,"1":0,"2":1,"3":0,"4":0,"5":0},"b":{"0":[1,0],"1":[0,0],"2":[0,0],"3":[0,0],"4":[0,0],"5":[0,0],"6":[0,0],"7":[1,0],"8":[0,0],"9":[0,0],"10":[0,0],"11":[0,0]},"inputSourceMap":null,"_coverageSchema":"1a1c01bbd47fc00a2c39e90264f33305004495a9","hash":"108a83fb7180fe957810b056ce07838d335ce7b8"}
,"/Users/nampallysahithi/Documents/coleren-app/coleren-backend/src/emails/sendMail.js": {"path":"/Users/nampallysahithi/Documents/coleren-app/coleren-backend/src/emails/sendMail.js","statementMap":{"0":{"start":{"line":7,"column":20},"end":{"line":25,"column":1}},"1":{"start":{"line":27,"column":33},"end":{"line":41,"column":1}},"2":{"start":{"line":28,"column":22},"end":{"line":28,"column":39}},"3":{"start":{"line":30,"column":2},"end":{"line":32,"column":3}},"4":{"start":{"line":31,"column":4},"end":{"line":31,"column":42}},"5":{"start":{"line":34,"column":2},"end":{"line":40,"column":5}}},"fnMap":{"0":{"name":"(anonymous_0)","decl":{"start":{"line":27,"column":33},"end":{"line":27,"column":34}},"loc":{"start":{"line":27,"column":63},"end":{"line":41,"column":1}},"line":27}},"branchMap":{"0":{"loc":{"start":{"line":30,"column":2},"end":{"line":32,"column":3}},"type":"if","locations":[{"start":{"line":30,"column":2},"end":{"line":32,"column":3}},{"start":{},"end":{}}],"line":30},"1":{"loc":{"start":{"line":37,"column":13},"end":{"line":37,"column":48}},"type":"binary-expr","locations":[{"start":{"line":37,"column":13},"end":{"line":37,"column":25}},{"start":{"line":37,"column":29},"end":{"line":37,"column":48}}],"line":37}},"s":{"0":5,"1":5,"2":0,"3":0,"4":0,"5":0},"f":{"0":0},"b":{"0":[0,0],"1":[0,0]},"inputSourceMap":null,"_coverageSchema":"1a1c01bbd47fc00a2c39e90264f33305004495a9","hash":"872fafb17907ff59759fa6d741eacb7017632fa9"}
,"/Users/nampallysahithi/Documents/coleren-app/coleren-backend/src/emails/template/customEmail.js": {"path":"/Users/nampallysahithi/Documents/coleren-app/coleren-backend/src/emails/template/customEmail.js","statementMap":{"0":{"start":{"line":2,"column":2},"end":{"line":14,"column":4}}},"fnMap":{"0":{"name":"customEmail","decl":{"start":{"line":1,"column":24},"end":{"line":1,"column":35}},"loc":{"start":{"line":1,"column":46},"end":{"line":15,"column":1}},"line":1}},"branchMap":{},"s":{"0":0},"f":{"0":0},"b":{},"inputSourceMap":null,"_coverageSchema":"1a1c01bbd47fc00a2c39e90264f33305004495a9","hash":"c9f0d5762589e17f23357abe19632849a80b259b"}
,"/Users/nampallysahithi/Documents/coleren-app/coleren-backend/src/emails/template/existingUserInvite.js": {"path":"/Users/nampallysahithi/Documents/coleren-app/coleren-backend/src/emails/template/existingUserInvite.js","statementMap":{"0":{"start":{"line":1,"column":27},"end":{"line":31,"column":1}},"1":{"start":{"line":2,"column":2},"end":{"line":30,"column":4}}},"fnMap":{"0":{"name":"(anonymous_0)","decl":{"start":{"line":1,"column":27},"end":{"line":1,"column":28}},"loc":{"start":{"line":1,"column":60},"end":{"line":31,"column":1}},"line":1}},"branchMap":{},"s":{"0":5,"1":0},"f":{"0":0},"b":{},"inputSourceMap":null,"_coverageSchema":"1a1c01bbd47fc00a2c39e90264f33305004495a9","hash":"549b01fc3ae805df8c9d5395751dba067fc3da5c"}
,"/Users/nampallysahithi/Documents/coleren-app/coleren-backend/src/emails/template/newUserInvite.js": {"path":"/Users/nampallysahithi/Documents/coleren-app/coleren-backend/src/emails/template/newUserInvite.js","statementMap":{"0":{"start":{"line":1,"column":22},"end":{"line":31,"column":1}},"1":{"start":{"line":2,"column":2},"end":{"line":30,"column":4}}},"fnMap":{"0":{"name":"(anonymous_0)","decl":{"start":{"line":1,"column":22},"end":{"line":1,"column":23}},"loc":{"start":{"line":1,"column":55},"end":{"line":31,"column":1}},"line":1}},"branchMap":{},"s":{"0":5,"1":0},"f":{"0":0},"b":{},"inputSourceMap":null,"_coverageSchema":"1a1c01bbd47fc00a2c39e90264f33305004495a9","hash":"3271533c189c8f48ab35db611d759aa3a19c9c98"}
,"/Users/nampallysahithi/Documents/coleren-app/coleren-backend/src/middleware/auth.js": {"path":"/Users/nampallysahithi/Documents/coleren-app/coleren-backend/src/middleware/auth.js","statementMap":{"0":{"start":{"line":8,"column":20},"end":{"line":28,"column":1}},"1":{"start":{"line":9,"column":21},"end":{"line":9,"column":49}},"2":{"start":{"line":10,"column":16},"end":{"line":10,"column":54}},"3":{"start":{"line":12,"column":2},"end":{"line":12,"column":48}},"4":{"start":{"line":12,"column":21},"end":{"line":12,"column":48}},"5":{"start":{"line":20,"column":2},"end":{"line":27,"column":3}},"6":{"start":{"line":21,"column":20},"end":{"line":21,"column":59}},"7":{"start":{"line":23,"column":4},"end":{"line":23,"column":23}},"8":{"start":{"line":24,"column":4},"end":{"line":24,"column":11}},"9":{"start":{"line":26,"column":4},"end":{"line":26,"column":62}}},"fnMap":{"0":{"name":"(anonymous_0)","decl":{"start":{"line":8,"column":20},"end":{"line":8,"column":21}},"loc":{"start":{"line":8,"column":46},"end":{"line":28,"column":1}},"line":8}},"branchMap":{"0":{"loc":{"start":{"line":10,"column":16},"end":{"line":10,"column":54}},"type":"binary-expr","locations":[{"start":{"line":10,"column":16},"end":{"line":10,"column":26}},{"start":{"line":10,"column":30},"end":{"line":10,"column":54}}],"line":10},"1":{"loc":{"start":{"line":12,"column":2},"end":{"line":12,"column":48}},"type":"if","locations":[{"start":{"line":12,"column":2},"end":{"line":12,"column":48}},{"start":{},"end":{}}],"line":12}},"s":{"0":7,"1":70,"2":70,"3":70,"4":13,"5":57,"6":57,"7":57,"8":57,"9":0},"f":{"0":70},"b":{"0":[70,57],"1":[13,57]},"inputSourceMap":null,"_coverageSchema":"1a1c01bbd47fc00a2c39e90264f33305004495a9","hash":"a5792a7aab8fe021432996f9171337241bdfd4f2"}
,"/Users/nampallysahithi/Documents/coleren-app/coleren-backend/src/middleware/errorHandler.js": {"path":"/Users/nampallysahithi/Documents/coleren-app/coleren-backend/src/middleware/errorHandler.js","statementMap":{"0":{"start":{"line":1,"column":21},"end":{"line":6,"column":1}},"1":{"start":{"line":2,"column":2},"end":{"line":2,"column":27}},"2":{"start":{"line":3,"column":2},"end":{"line":5,"column":5}}},"fnMap":{"0":{"name":"(anonymous_0)","decl":{"start":{"line":1,"column":21},"end":{"line":1,"column":22}},"loc":{"start":{"line":1,"column":46},"end":{"line":6,"column":1}},"line":1}},"branchMap":{"0":{"loc":{"start":{"line":3,"column":13},"end":{"line":3,"column":30}},"type":"binary-expr","locations":[{"start":{"line":3,"column":13},"end":{"line":3,"column":23}},{"start":{"line":3,"column":27},"end":{"line":3,"column":30}}],"line":3},"1":{"loc":{"start":{"line":4,"column":13},"end":{"line":4,"column":51}},"type":"binary-expr","locations":[{"start":{"line":4,"column":13},"end":{"line":4,"column":24}},{"start":{"line":4,"column":28},"end":{"line":4,"column":51}}],"line":4}},"s":{"0":7,"1":0,"2":0},"f":{"0":0},"b":{"0":[0,0],"1":[0,0]},"inputSourceMap":null,"_coverageSchema":"1a1c01bbd47fc00a2c39e90264f33305004495a9","hash":"c2f3923785e48a7bb11784dfb89cc9e9437ae872"}
,"/Users/nampallysahithi/Documents/coleren-app/coleren-backend/src/middleware/mail.js": {"path":"/Users/nampallysahithi/Documents/coleren-app/coleren-backend/src/middleware/mail.js","statementMap":{"0":{"start":{"line":3,"column":20},"end":{"line":10,"column":2}},"1":{"start":{"line":12,"column":24},"end":{"line":19,"column":1}},"2":{"start":{"line":13,"column":2},"end":{"line":18,"column":5}}},"fnMap":{"0":{"name":"(anonymous_0)","decl":{"start":{"line":12,"column":24},"end":{"line":12,"column":25}},"loc":{"start":{"line":12,"column":57},"end":{"line":19,"column":1}},"line":12}},"branchMap":{},"s":{"0":5,"1":5,"2":0},"f":{"0":0},"b":{},"inputSourceMap":null,"_coverageSchema":"1a1c01bbd47fc00a2c39e90264f33305004495a9","hash":"e7ee0187fb4d5e9dd0ac19b083e7a79060128912"}
,"/Users/nampallysahithi/Documents/coleren-app/coleren-backend/src/models/Feedback.js": {"path":"/Users/nampallysahithi/Documents/coleren-app/coleren-backend/src/models/Feedback.js","statementMap":{"0":{"start":{"line":3,"column":23},"end":{"line":53,"column":1}}},"fnMap":{},"branchMap":{},"s":{"0":7},"f":{},"b":{},"inputSourceMap":null,"_coverageSchema":"1a1c01bbd47fc00a2c39e90264f33305004495a9","hash":"12f6d38bd96180df349f67a0181d93debd65d2ad"}
,"/Users/nampallysahithi/Documents/coleren-app/coleren-backend/src/models/Lead.js": {"path":"/Users/nampallysahithi/Documents/coleren-app/coleren-backend/src/models/Lead.js","statementMap":{"0":{"start":{"line":3,"column":19},"end":{"line":34,"column":1}}},"fnMap":{},"branchMap":{},"s":{"0":7},"f":{},"b":{},"inputSourceMap":null,"_coverageSchema":"1a1c01bbd47fc00a2c39e90264f33305004495a9","hash":"0834e899de3db9bff1d1437a5af82df1526b172c"}
,"/Users/nampallysahithi/Documents/coleren-app/coleren-backend/src/models/Meetings.js": {"path":"/Users/nampallysahithi/Documents/coleren-app/coleren-backend/src/models/Meetings.js","statementMap":{"0":{"start":{"line":3,"column":22},"end":{"line":32,"column":1}}},"fnMap":{},"branchMap":{},"s":{"0":7},"f":{},"b":{},"inputSourceMap":null,"_coverageSchema":"1a1c01bbd47fc00a2c39e90264f33305004495a9","hash":"88957ebf71e3da8e3f6b3ba64dad79a6ad69854e"}
,"/Users/nampallysahithi/Documents/coleren-app/coleren-backend/src/models/Product.js": {"path":"/Users/nampallysahithi/Documents/coleren-app/coleren-backend/src/models/Product.js","statementMap":{"0":{"start":{"line":3,"column":22},"end":{"line":33,"column":1}}},"fnMap":{},"branchMap":{},"s":{"0":7},"f":{},"b":{},"inputSourceMap":null,"_coverageSchema":"1a1c01bbd47fc00a2c39e90264f33305004495a9","hash":"363a5d9cdfc7d1a967a1bd45fa91e249f73de8d2"}
,"/Users/nampallysahithi/Documents/coleren-app/coleren-backend/src/models/Profile.js": {"path":"/Users/nampallysahithi/Documents/coleren-app/coleren-backend/src/models/Profile.js","statementMap":{"0":{"start":{"line":3,"column":22},"end":{"line":56,"column":1}}},"fnMap":{},"branchMap":{},"s":{"0":7},"f":{},"b":{},"inputSourceMap":null,"_coverageSchema":"1a1c01bbd47fc00a2c39e90264f33305004495a9","hash":"b65b4416dec56f19ceddde611e0a5d82969730b6"}
,"/Users/nampallysahithi/Documents/coleren-app/coleren-backend/src/models/Survey.js": {"path":"/Users/nampallysahithi/Documents/coleren-app/coleren-backend/src/models/Survey.js","statementMap":{"0":{"start":{"line":3,"column":21},"end":{"line":74,"column":1}}},"fnMap":{},"branchMap":{},"s":{"0":7},"f":{},"b":{},"inputSourceMap":null,"_coverageSchema":"1a1c01bbd47fc00a2c39e90264f33305004495a9","hash":"b4d297fed52d49d1a31a8305a6a37e70d5ca1a76"}
,"/Users/nampallysahithi/Documents/coleren-app/coleren-backend/src/models/Team.js": {"path":"/Users/nampallysahithi/Documents/coleren-app/coleren-backend/src/models/Team.js","statementMap":{"0":{"start":{"line":3,"column":19},"end":{"line":17,"column":1}}},"fnMap":{},"branchMap":{},"s":{"0":1},"f":{},"b":{},"inputSourceMap":null,"_coverageSchema":"1a1c01bbd47fc00a2c39e90264f33305004495a9","hash":"3017451337e3f378fc664205cc8a07bf6cd6d30f"}
,"/Users/nampallysahithi/Documents/coleren-app/coleren-backend/src/models/TeamMember.js": {"path":"/Users/nampallysahithi/Documents/coleren-app/coleren-backend/src/models/TeamMember.js","statementMap":{"0":{"start":{"line":3,"column":25},"end":{"line":44,"column":1}}},"fnMap":{},"branchMap":{},"s":{"0":7},"f":{},"b":{},"inputSourceMap":null,"_coverageSchema":"1a1c01bbd47fc00a2c39e90264f33305004495a9","hash":"9d202be6bcdb7f0c20d6890427a3d76e5a1de554"}
,"/Users/nampallysahithi/Documents/coleren-app/coleren-backend/src/models/User.js": {"path":"/Users/nampallysahithi/Documents/coleren-app/coleren-backend/src/models/User.js","statementMap":{"0":{"start":{"line":3,"column":19},"end":{"line":31,"column":1}}},"fnMap":{},"branchMap":{},"s":{"0":7},"f":{},"b":{},"inputSourceMap":null,"_coverageSchema":"1a1c01bbd47fc00a2c39e90264f33305004495a9","hash":"0197eb8dc4a3069fb78729bdbad77541ecf2df56"}
,"/Users/nampallysahithi/Documents/coleren-app/coleren-backend/src/routes/connectorRoutes.js": {"path":"/Users/nampallysahithi/Documents/coleren-app/coleren-backend/src/routes/connectorRoutes.js","statementMap":{"0":{"start":{"line":5,"column":15},"end":{"line":5,"column":31}},"1":{"start":{"line":7,"column":0},"end":{"line":7,"column":55}}},"fnMap":{},"branchMap":{},"s":{"0":7,"1":7},"f":{},"b":{},"inputSourceMap":null,"_coverageSchema":"1a1c01bbd47fc00a2c39e90264f33305004495a9","hash":"89bf3011e4076c2d21e6756217a55374739c53f6"}
,"/Users/nampallysahithi/Documents/coleren-app/coleren-backend/src/routes/dashboardRoutes.js": {"path":"/Users/nampallysahithi/Documents/coleren-app/coleren-backend/src/routes/dashboardRoutes.js","statementMap":{"0":{"start":{"line":5,"column":15},"end":{"line":5,"column":31}},"1":{"start":{"line":7,"column":0},"end":{"line":7,"column":44}}},"fnMap":{},"branchMap":{},"s":{"0":7,"1":7},"f":{},"b":{},"inputSourceMap":null,"_coverageSchema":"1a1c01bbd47fc00a2c39e90264f33305004495a9","hash":"7b9dc8293de79a647d20ae037162d27316e6de80"}
,"/Users/nampallysahithi/Documents/coleren-app/coleren-backend/src/routes/feedbackRoutes.js": {"path":"/Users/nampallysahithi/Documents/coleren-app/coleren-backend/src/routes/feedbackRoutes.js","statementMap":{"0":{"start":{"line":5,"column":15},"end":{"line":5,"column":31}},"1":{"start":{"line":7,"column":0},"end":{"line":7,"column":42}}},"fnMap":{},"branchMap":{},"s":{"0":7,"1":7},"f":{},"b":{},"inputSourceMap":null,"_coverageSchema":"1a1c01bbd47fc00a2c39e90264f33305004495a9","hash":"fd6b3ae49a64d01a353ff8210baf13c8d5226fac"}
,"/Users/nampallysahithi/Documents/coleren-app/coleren-backend/src/routes/meetingRoutes.js": {"path":"/Users/nampallysahithi/Documents/coleren-app/coleren-backend/src/routes/meetingRoutes.js","statementMap":{"0":{"start":{"line":5,"column":15},"end":{"line":5,"column":31}},"1":{"start":{"line":7,"column":0},"end":{"line":7,"column":40}}},"fnMap":{},"branchMap":{},"s":{"0":7,"1":7},"f":{},"b":{},"inputSourceMap":null,"_coverageSchema":"1a1c01bbd47fc00a2c39e90264f33305004495a9","hash":"b81d8a318d0432aa252c0c38abaf472f05c8e32d"}
,"/Users/nampallysahithi/Documents/coleren-app/coleren-backend/src/routes/surveyRoutes.js": {"path":"/Users/nampallysahithi/Documents/coleren-app/coleren-backend/src/routes/surveyRoutes.js","statementMap":{"0":{"start":{"line":10,"column":15},"end":{"line":10,"column":31}},"1":{"start":{"line":12,"column":0},"end":{"line":12,"column":42}},"2":{"start":{"line":13,"column":0},"end":{"line":13,"column":50}},"3":{"start":{"line":14,"column":0},"end":{"line":14,"column":40}},"4":{"start":{"line":15,"column":0},"end":{"line":15,"column":47}}},"fnMap":{},"branchMap":{},"s":{"0":7,"1":7,"2":7,"3":7,"4":7},"f":{},"b":{},"inputSourceMap":null,"_coverageSchema":"1a1c01bbd47fc00a2c39e90264f33305004495a9","hash":"9cc17d31d53dc807107d4431466089c51fbba9cf"}
,"/Users/nampallysahithi/Documents/coleren-app/coleren-backend/src/routes/teamRoutes.js": {"path":"/Users/nampallysahithi/Documents/coleren-app/coleren-backend/src/routes/teamRoutes.js","statementMap":{"0":{"start":{"line":11,"column":15},"end":{"line":11,"column":31}},"1":{"start":{"line":13,"column":0},"end":{"line":13,"column":38}},"2":{"start":{"line":14,"column":0},"end":{"line":14,"column":46}},"3":{"start":{"line":15,"column":0},"end":{"line":15,"column":49}},"4":{"start":{"line":16,"column":0},"end":{"line":16,"column":50}},"5":{"start":{"line":17,"column":0},"end":{"line":17,"column":50}}},"fnMap":{},"branchMap":{},"s":{"0":7,"1":7,"2":7,"3":7,"4":7,"5":7},"f":{},"b":{},"inputSourceMap":null,"_coverageSchema":"1a1c01bbd47fc00a2c39e90264f33305004495a9","hash":"b99f7d254e401d251e534a0b7ab09538de912f79"}
,"/Users/nampallysahithi/Documents/coleren-app/coleren-backend/src/routes/userRoutes.js": {"path":"/Users/nampallysahithi/Documents/coleren-app/coleren-backend/src/routes/userRoutes.js","statementMap":{"0":{"start":{"line":12,"column":15},"end":{"line":12,"column":31}},"1":{"start":{"line":14,"column":0},"end":{"line":14,"column":44}},"2":{"start":{"line":15,"column":0},"end":{"line":15,"column":48}},"3":{"start":{"line":16,"column":0},"end":{"line":16,"column":46}},"4":{"start":{"line":17,"column":0},"end":{"line":17,"column":48}},"5":{"start":{"line":18,"column":0},"end":{"line":18,"column":59}},"6":{"start":{"line":19,"column":0},"end":{"line":19,"column":53}}},"fnMap":{},"branchMap":{},"s":{"0":7,"1":7,"2":7,"3":7,"4":7,"5":7,"6":7},"f":{},"b":{},"inputSourceMap":null,"_coverageSchema":"1a1c01bbd47fc00a2c39e90264f33305004495a9","hash":"fdb1399a538c2f70c80b02f399d011ca457cd752"}
,"/Users/nampallysahithi/Documents/coleren-app/coleren-backend/src/tests/setup.js": {"path":"/Users/nampallysahithi/Documents/coleren-app/coleren-backend/src/tests/setup.js","statementMap":{"0":{"start":{"line":7,"column":2},"end":{"line":7,"column":44}},"1":{"start":{"line":8,"column":2},"end":{"line":8,"column":42}},"2":{"start":{"line":12,"column":2},"end":{"line":12,"column":30}},"3":{"start":{"line":13,"column":2},"end":{"line":13,"column":22}},"4":{"start":{"line":17,"column":22},"end":{"line":17,"column":53}},"5":{"start":{"line":18,"column":2},"end":{"line":20,"column":3}},"6":{"start":{"line":19,"column":4},"end":{"line":19,"column":42}}},"fnMap":{"0":{"name":"startDB","decl":{"start":{"line":6,"column":22},"end":{"line":6,"column":29}},"loc":{"start":{"line":6,"column":32},"end":{"line":9,"column":1}},"line":6},"1":{"name":"stopDB","decl":{"start":{"line":11,"column":22},"end":{"line":11,"column":28}},"loc":{"start":{"line":11,"column":31},"end":{"line":14,"column":1}},"line":11},"2":{"name":"clearDB","decl":{"start":{"line":16,"column":22},"end":{"line":16,"column":29}},"loc":{"start":{"line":16,"column":32},"end":{"line":21,"column":1}},"line":16}},"branchMap":{},"s":{"0":6,"1":6,"2":6,"3":6,"4":75,"5":75,"6":627},"f":{"0":6,"1":6,"2":75},"b":{},"inputSourceMap":null,"_coverageSchema":"1a1c01bbd47fc00a2c39e90264f33305004495a9","hash":"c4f334e7542e3eea3c0cc8fbd6dcc68480226549"}
}
