TN:
SF:src/app.js
FN:38,(anonymous_0)
FNF:1
FNH:1
FNDA:1,(anonymous_0)
DA:15,7
DA:17,7
DA:19,7
DA:26,7
DA:27,7
DA:28,7
DA:30,7
DA:31,7
DA:32,7
DA:33,7
DA:34,7
DA:35,7
DA:36,7
DA:38,7
DA:40,7
LF:15
LH:15
BRF:0
BRH:0
end_of_record
TN:
SF:src/config/firebase.js
FNF:0
FNH:0
DA:4,1
DA:6,1
LF:2
LH:2
BRF:0
BRH:0
end_of_record
TN:
SF:src/controllers/connectorController.js
FN:1,(anonymous_0)
FNF:1
FNH:0
FNDA:0,(anonymous_0)
DA:1,7
DA:2,0
DA:3,0
DA:4,0
DA:5,0
DA:9,0
DA:11,0
LF:7
LH:1
BRF:0
BRH:0
end_of_record
TN:
SF:src/controllers/dashboardController.js
FN:5,(anonymous_0)
FN:23,(anonymous_1)
FN:31,(anonymous_2)
FN:36,(anonymous_3)
FN:50,(anonymous_4)
FN:53,(anonymous_5)
FN:70,(anonymous_6)
FN:74,(anonymous_7)
FN:93,(anonymous_8)
FN:110,(anonymous_9)
FN:121,(anonymous_10)
FN:127,(anonymous_11)
FN:131,(anonymous_12)
FN:175,(anonymous_13)
FNF:14
FNH:14
FNDA:10,(anonymous_0)
FNDA:37,(anonymous_1)
FNDA:2,(anonymous_2)
FNDA:2,(anonymous_3)
FNDA:37,(anonymous_4)
FNDA:37,(anonymous_5)
FNDA:32,(anonymous_6)
FNDA:3,(anonymous_7)
FNDA:32,(anonymous_8)
FNDA:8,(anonymous_9)
FNDA:120,(anonymous_10)
FNDA:444,(anonymous_11)
FNDA:37,(anonymous_12)
FNDA:37,(anonymous_13)
DA:5,7
DA:6,10
DA:7,10
DA:8,10
DA:9,10
DA:11,10
DA:13,10
DA:14,10
DA:15,10
DA:17,10
DA:22,10
DA:23,37
DA:26,10
DA:30,10
DA:31,2
DA:35,10
DA:36,2
DA:41,10
DA:46,10
DA:50,37
DA:52,10
DA:53,37
DA:56,10
DA:57,10
DA:60,10
DA:69,10
DA:70,32
DA:73,10
DA:74,3
DA:77,10
DA:78,10
DA:81,10
DA:91,10
DA:93,10
DA:94,32
DA:96,32
DA:97,8
DA:100,32
DA:102,32
DA:103,23
DA:107,10
DA:109,10
DA:110,8
DA:114,10
DA:117,10
DA:121,10
DA:122,120
DA:124,120
DA:126,120
DA:127,444
DA:130,120
DA:131,37
DA:134,120
DA:145,10
DA:175,37
DA:181,0
DA:182,0
LF:57
LH:55
BRDA:26,0,0,2
BRDA:26,0,1,8
BRDA:31,1,0,2
BRDA:31,1,1,0
BRDA:36,2,0,2
BRDA:36,2,1,0
BRDA:41,3,0,9
BRDA:41,3,1,1
BRDA:46,4,0,9
BRDA:46,4,1,1
BRDA:53,5,0,37
BRDA:53,5,1,35
BRDA:60,6,0,8
BRDA:60,6,1,2
BRDA:81,7,0,9
BRDA:81,7,1,1
BRDA:94,8,0,32
BRDA:94,8,1,28
BRDA:96,9,0,8
BRDA:96,9,1,24
BRDA:102,10,0,23
BRDA:102,10,1,9
BRDA:117,11,0,3
BRDA:117,11,1,7
BRDA:127,12,0,444
BRDA:127,12,1,209
BRF:26
BRH:24
end_of_record
TN:
SF:src/controllers/feedbackController.js
FN:4,(anonymous_0)
FNF:1
FNH:1
FNDA:11,(anonymous_0)
DA:4,7
DA:5,11
DA:6,11
DA:7,11
DA:9,11
DA:10,2
DA:15,9
DA:17,9
DA:19,9
DA:20,2
DA:23,9
DA:25,9
DA:27,0
DA:28,0
LF:14
LH:12
BRDA:9,0,0,2
BRDA:9,0,1,9
BRDA:19,1,0,2
BRDA:19,1,1,7
BRDA:19,2,0,9
BRDA:19,2,1,3
BRF:6
BRH:6
end_of_record
TN:
SF:src/controllers/meetingController.js
FN:4,(anonymous_0)
FN:19,(anonymous_1)
FNF:2
FNH:2
FNDA:7,(anonymous_0)
FNDA:11,(anonymous_1)
DA:4,7
DA:5,7
DA:6,7
DA:7,7
DA:9,7
DA:10,1
DA:13,6
DA:19,11
DA:28,6
DA:30,0
DA:31,0
LF:11
LH:9
BRDA:9,0,0,1
BRDA:9,0,1,6
BRF:2
BRH:2
end_of_record
TN:
SF:src/controllers/surveyController.js
FN:6,(anonymous_0)
FN:35,(anonymous_1)
FN:93,(anonymous_2)
FN:117,(anonymous_3)
FNF:4
FNH:4
FNDA:2,(anonymous_0)
FNDA:3,(anonymous_1)
FNDA:2,(anonymous_2)
FNDA:3,(anonymous_3)
DA:6,7
DA:7,2
DA:8,2
DA:10,2
DA:11,3
DA:23,1
DA:27,1
DA:29,1
DA:35,7
DA:36,3
DA:37,3
DA:39,3
DA:43,3
DA:44,1
DA:55,2
DA:57,2
DA:58,1
DA:63,1
DA:65,1
DA:67,1
DA:78,1
DA:85,0
DA:87,0
DA:93,7
DA:94,2
DA:95,2
DA:97,2
DA:101,2
DA:102,1
DA:107,1
DA:109,0
DA:111,0
DA:117,7
DA:118,3
DA:119,3
DA:121,3
DA:123,3
DA:127,3
DA:128,1
DA:133,2
DA:134,1
DA:139,1
DA:140,1
DA:141,1
DA:142,1
DA:143,1
DA:145,1
DA:147,1
DA:151,0
DA:153,0
LF:50
LH:44
BRDA:43,0,0,1
BRDA:43,0,1,2
BRDA:57,1,0,1
BRDA:57,1,1,1
BRDA:57,2,0,2
BRDA:57,2,1,2
BRDA:57,2,2,1
BRDA:57,2,3,1
BRDA:101,3,0,1
BRDA:101,3,1,1
BRDA:127,4,0,1
BRDA:127,4,1,2
BRDA:133,5,0,1
BRDA:133,5,1,1
BRF:14
BRH:14
end_of_record
TN:
SF:src/controllers/teamController.js
FN:6,(anonymous_0)
FN:32,(anonymous_1)
FN:53,getManageableTargetMember
FN:89,(anonymous_3)
FN:122,(anonymous_4)
FN:141,(anonymous_5)
FN:218,(anonymous_6)
FN:235,(anonymous_7)
FNF:8
FNH:8
FNDA:4,(anonymous_0)
FNDA:3,(anonymous_1)
FNDA:8,getManageableTargetMember
FNDA:6,(anonymous_3)
FNDA:3,(anonymous_4)
FNDA:5,(anonymous_5)
FNDA:4,(anonymous_6)
FNDA:4,(anonymous_7)
DA:6,7
DA:7,4
DA:8,4
DA:10,4
DA:12,4
DA:13,1
DA:18,3
DA:23,3
DA:24,1
DA:27,2
DA:32,3
DA:43,2
DA:45,0
DA:47,0
DA:54,8
DA:55,8
DA:57,8
DA:58,0
DA:61,8
DA:63,8
DA:64,2
DA:67,6
DA:74,6
DA:77,6
DA:78,3
DA:86,3
DA:89,7
DA:90,6
DA:91,6
DA:92,6
DA:94,6
DA:95,1
DA:100,5
DA:102,5
DA:103,3
DA:106,2
DA:115,2
DA:117,0
DA:118,0
DA:122,7
DA:123,3
DA:124,3
DA:126,3
DA:128,3
DA:129,2
DA:132,1
DA:134,1
DA:136,0
DA:137,0
DA:141,7
DA:142,5
DA:143,5
DA:145,5
DA:149,5
DA:150,1
DA:155,4
DA:161,4
DA:164,4
DA:165,1
DA:170,3
DA:171,3
DA:173,3
DA:174,4
DA:175,4
DA:179,4
DA:181,4
DA:191,4
DA:193,4
DA:194,1
DA:196,3
DA:199,4
DA:211,4
DA:213,0
DA:214,0
DA:218,4
DA:220,3
DA:227,0
DA:229,0
DA:235,7
DA:236,4
DA:237,4
DA:239,4
DA:243,4
DA:244,1
DA:249,3
DA:254,3
DA:255,2
DA:260,1
DA:262,1
DA:264,1
DA:266,1
DA:270,0
DA:272,0
LF:93
LH:80
BRDA:12,0,0,1
BRDA:12,0,1,3
BRDA:23,1,0,1
BRDA:23,1,1,2
BRDA:57,2,0,0
BRDA:57,2,1,8
BRDA:63,3,0,2
BRDA:63,3,1,6
BRDA:74,4,0,6
BRDA:74,4,1,4
BRDA:77,5,0,3
BRDA:77,5,1,3
BRDA:94,6,0,1
BRDA:94,6,1,5
BRDA:94,7,0,6
BRDA:94,7,1,6
BRDA:102,8,0,3
BRDA:102,8,1,2
BRDA:128,9,0,2
BRDA:128,9,1,1
BRDA:149,10,0,1
BRDA:149,10,1,4
BRDA:161,11,0,4
BRDA:161,11,1,1
BRDA:164,12,0,1
BRDA:164,12,1,3
BRDA:183,13,0,4
BRDA:183,13,1,3
BRDA:193,14,0,1
BRDA:193,14,1,3
BRDA:202,15,0,1
BRDA:202,15,1,3
BRDA:220,16,0,0
BRDA:220,16,1,3
BRDA:221,17,0,0
BRDA:221,17,1,3
BRDA:243,18,0,1
BRDA:243,18,1,3
BRDA:254,19,0,2
BRDA:254,19,1,1
BRF:40
BRH:37
end_of_record
TN:
SF:src/controllers/userController.js
FN:5,(anonymous_0)
FN:31,(anonymous_1)
FN:91,(anonymous_2)
FN:106,(anonymous_3)
FN:123,(anonymous_4)
FN:138,(anonymous_5)
FNF:6
FNH:2
FNDA:1,(anonymous_0)
FNDA:0,(anonymous_1)
FNDA:1,(anonymous_2)
FNDA:0,(anonymous_3)
FNDA:0,(anonymous_4)
FNDA:0,(anonymous_5)
DA:5,7
DA:6,1
DA:7,1
DA:8,1
DA:10,1
DA:11,1
DA:18,0
DA:20,0
DA:26,0
DA:27,0
DA:31,7
DA:32,0
DA:33,0
DA:35,0
DA:37,0
DA:38,0
DA:40,0
DA:42,0
DA:43,0
DA:51,0
DA:53,0
DA:54,0
DA:64,0
DA:65,0
DA:71,0
DA:72,0
DA:74,0
DA:76,0
DA:80,0
DA:86,0
DA:87,0
DA:91,7
DA:92,1
DA:93,1
DA:95,1
DA:96,1
DA:98,0
DA:100,0
DA:102,0
DA:106,7
DA:107,0
DA:108,0
DA:109,0
DA:111,0
DA:112,0
DA:114,0
DA:115,0
DA:117,0
DA:119,0
DA:123,7
DA:124,0
DA:125,0
DA:127,0
DA:129,0
DA:133,0
DA:134,0
DA:138,7
DA:139,0
DA:140,0
DA:142,0
DA:144,0
DA:150,0
DA:151,0
DA:156,0
DA:158,0
DA:159,0
DA:160,0
DA:162,0
DA:168,0
DA:174,0
DA:176,0
DA:177,0
LF:72
LH:15
BRDA:10,0,0,1
BRDA:10,0,1,0
BRDA:23,1,0,0
BRDA:23,1,1,0
BRDA:42,2,0,0
BRDA:42,2,1,0
BRDA:47,3,0,0
BRDA:47,3,1,0
BRDA:53,4,0,0
BRDA:53,4,1,0
BRDA:64,5,0,0
BRDA:64,5,1,0
BRDA:71,6,0,0
BRDA:71,6,1,0
BRDA:96,7,0,1
BRDA:96,7,1,0
BRDA:150,8,0,0
BRDA:150,8,1,0
BRDA:158,9,0,0
BRDA:158,9,1,0
BRDA:159,10,0,0
BRDA:159,10,1,0
BRDA:160,11,0,0
BRDA:160,11,1,0
BRF:24
BRH:2
end_of_record
TN:
SF:src/emails/sendMail.js
FN:27,(anonymous_0)
FNF:1
FNH:0
FNDA:0,(anonymous_0)
DA:7,5
DA:27,5
DA:28,0
DA:30,0
DA:31,0
DA:34,0
LF:6
LH:2
BRDA:30,0,0,0
BRDA:30,0,1,0
BRDA:37,1,0,0
BRDA:37,1,1,0
BRF:4
BRH:0
end_of_record
TN:
SF:src/emails/template/customEmail.js
FN:1,customEmail
FNF:1
FNH:0
FNDA:0,customEmail
DA:2,0
LF:1
LH:0
BRF:0
BRH:0
end_of_record
TN:
SF:src/emails/template/existingUserInvite.js
FN:1,(anonymous_0)
FNF:1
FNH:0
FNDA:0,(anonymous_0)
DA:1,5
DA:2,0
LF:2
LH:1
BRF:0
BRH:0
end_of_record
TN:
SF:src/emails/template/newUserInvite.js
FN:1,(anonymous_0)
FNF:1
FNH:0
FNDA:0,(anonymous_0)
DA:1,5
DA:2,0
LF:2
LH:1
BRF:0
BRH:0
end_of_record
TN:
SF:src/middleware/auth.js
FN:8,(anonymous_0)
FNF:1
FNH:1
FNDA:70,(anonymous_0)
DA:8,7
DA:9,70
DA:10,70
DA:12,70
DA:20,57
DA:21,57
DA:23,57
DA:24,57
DA:26,0
LF:9
LH:8
BRDA:10,0,0,70
BRDA:10,0,1,57
BRDA:12,1,0,13
BRDA:12,1,1,57
BRF:4
BRH:4
end_of_record
TN:
SF:src/middleware/errorHandler.js
FN:1,(anonymous_0)
FNF:1
FNH:0
FNDA:0,(anonymous_0)
DA:1,7
DA:2,0
DA:3,0
LF:3
LH:1
BRDA:3,0,0,0
BRDA:3,0,1,0
BRDA:4,1,0,0
BRDA:4,1,1,0
BRF:4
BRH:0
end_of_record
TN:
SF:src/middleware/mail.js
FN:12,(anonymous_0)
FNF:1
FNH:0
FNDA:0,(anonymous_0)
DA:3,5
DA:12,5
DA:13,0
LF:3
LH:2
BRF:0
BRH:0
end_of_record
TN:
SF:src/models/Feedback.js
FNF:0
FNH:0
DA:3,7
LF:1
LH:1
BRF:0
BRH:0
end_of_record
TN:
SF:src/models/Lead.js
FNF:0
FNH:0
DA:3,7
LF:1
LH:1
BRF:0
BRH:0
end_of_record
TN:
SF:src/models/Meetings.js
FNF:0
FNH:0
DA:3,7
LF:1
LH:1
BRF:0
BRH:0
end_of_record
TN:
SF:src/models/Product.js
FNF:0
FNH:0
DA:3,7
LF:1
LH:1
BRF:0
BRH:0
end_of_record
TN:
SF:src/models/Profile.js
FNF:0
FNH:0
DA:3,7
LF:1
LH:1
BRF:0
BRH:0
end_of_record
TN:
SF:src/models/Survey.js
FNF:0
FNH:0
DA:3,7
LF:1
LH:1
BRF:0
BRH:0
end_of_record
TN:
SF:src/models/Team.js
FNF:0
FNH:0
DA:3,1
LF:1
LH:1
BRF:0
BRH:0
end_of_record
TN:
SF:src/models/TeamMember.js
FNF:0
FNH:0
DA:3,7
LF:1
LH:1
BRF:0
BRH:0
end_of_record
TN:
SF:src/models/User.js
FNF:0
FNH:0
DA:3,7
LF:1
LH:1
BRF:0
BRH:0
end_of_record
TN:
SF:src/routes/connectorRoutes.js
FNF:0
FNH:0
DA:5,7
DA:7,7
LF:2
LH:2
BRF:0
BRH:0
end_of_record
TN:
SF:src/routes/dashboardRoutes.js
FNF:0
FNH:0
DA:5,7
DA:7,7
LF:2
LH:2
BRF:0
BRH:0
end_of_record
TN:
SF:src/routes/feedbackRoutes.js
FNF:0
FNH:0
DA:5,7
DA:7,7
LF:2
LH:2
BRF:0
BRH:0
end_of_record
TN:
SF:src/routes/meetingRoutes.js
FNF:0
FNH:0
DA:5,7
DA:7,7
LF:2
LH:2
BRF:0
BRH:0
end_of_record
TN:
SF:src/routes/surveyRoutes.js
FNF:0
FNH:0
DA:10,7
DA:12,7
DA:13,7
DA:14,7
DA:15,7
LF:5
LH:5
BRF:0
BRH:0
end_of_record
TN:
SF:src/routes/teamRoutes.js
FNF:0
FNH:0
DA:11,7
DA:13,7
DA:14,7
DA:15,7
DA:16,7
DA:17,7
LF:6
LH:6
BRF:0
BRH:0
end_of_record
TN:
SF:src/routes/userRoutes.js
FNF:0
FNH:0
DA:12,7
DA:14,7
DA:15,7
DA:16,7
DA:17,7
DA:18,7
DA:19,7
LF:7
LH:7
BRF:0
BRH:0
end_of_record
TN:
SF:src/tests/setup.js
FN:6,startDB
FN:11,stopDB
FN:16,clearDB
FNF:3
FNH:3
FNDA:6,startDB
FNDA:6,stopDB
FNDA:75,clearDB
DA:7,6
DA:8,6
DA:12,6
DA:13,6
DA:17,75
DA:18,75
DA:19,627
LF:7
LH:7
BRF:0
BRH:0
end_of_record
